<?xml version="1.0" encoding="UTF-8"?>
<!-- Generated by org.testng.reporters.JUnitReportReporter -->
<testsuite hostname="DESKTOP-74AA2QA" failures="0" tests="2" name="com.demo.testscripts.timeouttc" time="0.011" errors="0" timestamp="2023-11-22T23:29:04 IST" skipped="0">
  <testcase classname="com.demo.testscripts.timeouttc" name="test" time="0.009"/>
  <testcase classname="com.demo.testscripts.timeouttc" name="test" time="0.002"/>
</testsuite> <!-- com.demo.testscripts.timeouttc -->
