<?xml version="1.0" encoding="UTF-8"?>
<!-- Generated by org.testng.reporters.JUnitReportReporter -->
<testsuite hostname="DESKTOP-74AA2QA" failures="0" tests="2" name="com.testng.testclass" time="0.040" errors="0" timestamp="2023-11-25T19:13:54 IST" skipped="0">
  <testcase classname="com.testng.testclass" name="test1" time="0.020">
    <system-out>
      <![CDATA[chromechrome browser is launched test1]]>
    </system-out>
  </testcase> <!-- test1 -->
  <testcase classname="com.testng.testclass" name="test1" time="0.020">
    <system-out>
      <![CDATA[chromechrome browser is launched test1]]>
    </system-out>
  </testcase> <!-- test1 -->
  <system-out>
    <![CDATA[chromechrome browser is launched test1
chromechrome browser is launched test1
chromechrome browser is launched test2
chromechrome browser is launched test2]]>
  </system-out>
</testsuite> <!-- com.testng.testclass -->
