<?xml version="1.0" encoding="UTF-8"?>
<!-- Generated by org.testng.reporters.JUnitReportReporter -->
<testsuite hostname="DESKTOP-74AA2QA" failures="0" tests="3" name="com.trendcart.testscript1.exception" time="38.575" errors="0" timestamp="2023-11-21T23:29:17 IST" skipped="0">
  <testcase classname="com.trendcart.testscript1.exception" name="test" time="14.593"/>
  <testcase classname="com.trendcart.testscript1.exception" name="test" time="12.580"/>
  <testcase classname="com.trendcart.testscript1.exception" name="test" time="11.402"/>
</testsuite> <!-- com.trendcart.testscript1.exception -->
