<?xml version="1.0" encoding="UTF-8"?>
<!-- Generated by org.testng.reporters.JUnitReportReporter -->
<testsuite hostname="DESKTOP-74AA2QA" failures="0" tests="1" name="com.trendcart.testscript.test" time="0.014" errors="0" timestamp="2023-11-10T13:12:33 IST" skipped="0">
  <testcase classname="com.trendcart.testscript.test" name="test1" time="0.014"/>
</testsuite> <!-- com.trendcart.testscript.test -->
