<?xml version="1.0" encoding="UTF-8"?>
<!-- Generated by org.testng.reporters.JUnitReportReporter -->
<testsuite hostname="DESKTOP-74AA2QA" failures="0" tests="2" name="com.testng.testclass2" time="0.012" errors="0" timestamp="2023-11-25T19:13:54 IST" skipped="0">
  <testcase classname="com.testng.testclass2" name="test2" time="0.003">
    <system-out>
      <![CDATA[chromechrome browser is launched test2]]>
    </system-out>
  </testcase> <!-- test2 -->
  <testcase classname="com.testng.testclass2" name="test2" time="0.009">
    <system-out>
      <![CDATA[chromechrome browser is launched test2]]>
    </system-out>
  </testcase> <!-- test2 -->
  <system-out>
    <![CDATA[chromechrome browser is launched test1
chromechrome browser is launched test1
chromechrome browser is launched test2
chromechrome browser is launched test2]]>
  </system-out>
</testsuite> <!-- com.testng.testclass2 -->
