<?xml version="1.0" encoding="UTF-8"?>
<!-- Generated by org.testng.reporters.JUnitReportReporter -->
<testsuite hostname="DESKTOP-74AA2QA" failures="0" tests="1" name="com.demo.testscripts.classextent" time="0.023" errors="0" timestamp="2023-11-24T21:55:06 IST" skipped="0">
  <testcase classname="com.demo.testscripts.classextent" name="test" time="0.023">
    <system-out>
      <![CDATA[test------testscript excecution start from here
test--------testscript excecutedsucsesfully]]>
    </system-out>
  </testcase> <!-- test -->
  <system-out>
    <![CDATA[test------testscript excecution start from here
test--------testscript excecutedsucsesfully]]>
  </system-out>
</testsuite> <!-- com.demo.testscripts.classextent -->
