<?xml version="1.0" encoding="UTF-8"?>
<!-- Generated by org.testng.reporters.JUnitReportReporter -->
<testsuite hostname="DESKTOP-74AA2QA" failures="0" tests="1" name="com.trendcart.testscript1.logintest2" time="1.089" errors="0" timestamp="2023-11-23T11:45:39 IST" skipped="0">
  <testcase classname="com.trendcart.testscript1.logintest2" name="test2" time="1.089"/>
  <system-out>
    <![CDATA[data base connected
open browser
Before method
logout
browser is closed
database is closed]]>
  </system-out>
</testsuite> <!-- com.trendcart.testscript1.logintest2 -->
