<?xml version="1.0" encoding="UTF-8"?>
<!-- Generated by org.testng.reporters.JUnitReportReporter -->
<testsuite hostname="DESKTOP-74AA2QA" failures="0" tests="1" name="com.trendcart.testscript1.VerifyDelettheInsertedproductTest" time="9.626" errors="0" timestamp="2023-11-30T16:30:46 IST" skipped="0">
  <testcase classname="com.trendcart.testscript1.VerifyDelettheInsertedproductTest" name="VerifyDelet" time="9.626"/>
</testsuite> <!-- com.trendcart.testscript1.VerifyDelettheInsertedproductTest -->
