<?xml version="1.0" encoding="UTF-8"?>
<!-- Generated by org.testng.reporters.JUnitReportReporter -->
<testsuite hostname="DESKTOP-74AA2QA" failures="0" tests="3" name="com.testng.Dataproviderclass" time="0.015" errors="0" timestamp="2023-11-20T16:20:05 IST" skipped="0">
  <testcase classname="com.testng.Dataproviderclass" name="display" time="0.008"/>
  <testcase classname="com.testng.Dataproviderclass" name="display" time="0.003"/>
  <testcase classname="com.testng.Dataproviderclass" name="display" time="0.004"/>
</testsuite> <!-- com.testng.Dataproviderclass -->
