<?xml version="1.0" encoding="UTF-8"?>
<!-- Generated by org.testng.reporters.JUnitReportReporter -->
<testsuite hostname="DESKTOP-74AA2QA" failures="0" tests="3" name="com.demo.testscripts.DataProviderq" time="0.023" errors="0" timestamp="2023-11-23T09:34:51 IST" skipped="0">
  <testcase classname="com.demo.testscripts.DataProviderq" name="test" time="0.012"/>
  <testcase classname="com.demo.testscripts.DataProviderq" name="test" time="0.003"/>
  <testcase classname="com.demo.testscripts.DataProviderq" name="test" time="0.008"/>
</testsuite> <!-- com.demo.testscripts.DataProviderq -->
