<?xml version="1.0" encoding="UTF-8"?>
<!-- Generated by org.testng.reporters.JUnitReportReporter -->
<testsuite hostname="DESKTOP-74AA2QA" failures="0" tests="1" name="com.trendcart.testscript1.login1Test" time="1.141" errors="0" timestamp="2023-11-30T16:25:38 IST" skipped="0">
  <testcase classname="com.trendcart.testscript1.login1Test" name="test2" time="1.141"/>
  <system-out>
    <![CDATA[data base connected
open browser
Before method
logout
browser is closed
database is closed]]>
  </system-out>
</testsuite> <!-- com.trendcart.testscript1.login1Test -->
