<?xml version="1.0" encoding="UTF-8"?>
<!-- Generated by org.testng.reporters.JUnitReportReporter -->
<testsuite hostname="DESKTOP-74AA2QA" failures="0" tests="1" name="com.trendcart.testscript.CmdParameteratest" time="0.008" errors="0" timestamp="2023-11-20T12:24:08 IST" skipped="0">
  <testcase classname="com.trendcart.testscript.CmdParameteratest" name="cmdpa" time="0.008"/>
  <system-out>
    <![CDATA[sachin
hemanth]]>
  </system-out>
</testsuite> <!-- com.trendcart.testscript.CmdParameteratest -->
