<?xml version="1.0" encoding="UTF-8"?>
<!-- Generated by org.testng.reporters.JUnitReportReporter -->
<testsuite hostname="DESKTOP-74AA2QA" failures="0" tests="3" name="com.testng.TwoDimenstionalArrayTest" time="0.016" errors="0" timestamp="2023-11-20T15:51:03 IST" skipped="0">
  <testcase classname="com.testng.TwoDimenstionalArrayTest" name="display" time="0.008"/>
  <testcase classname="com.testng.TwoDimenstionalArrayTest" name="display" time="0.004"/>
  <testcase classname="com.testng.TwoDimenstionalArrayTest" name="display" time="0.004"/>
</testsuite> <!-- com.testng.TwoDimenstionalArrayTest -->
