<?xml version="1.0" encoding="UTF-8"?>
<!-- Generated by org.testng.reporters.JUnitReportReporter -->
<testsuite hostname="DESKTOP-74AA2QA" failures="0" tests="2" name="com.testng.TestNGTest" time="0.043" errors="0" timestamp="2023-11-25T18:36:03 IST" skipped="0">
  <testcase classname="com.testng.TestNGTest" name="test10" time="0.014"/>
  <testcase classname="com.testng.TestNGTest" name="test" time="0.029"/>
</testsuite> <!-- com.testng.TestNGTest -->
